\BOOKMARK [0][-]{chapter.1}{Section 1: Intoduction}{}% 1
\BOOKMARK [1][-]{section.1.1}{Straighten the concepts}{chapter.1}% 2
\BOOKMARK [2][-]{subsection.1.1.1}{Discrepancy of usage of terms}{section.1.1}% 3
\BOOKMARK [1][-]{section.1.2}{Concepts as building blocks}{chapter.1}% 4
\BOOKMARK [2][-]{subsection.1.2.1}{Prerequisites for knowledge}{section.1.2}% 5
\BOOKMARK [1][-]{section.1.3}{Visialization of concepts}{chapter.1}% 6
\BOOKMARK [1][-]{section.1.4}{Course goals and structure}{chapter.1}% 7
\BOOKMARK [1][-]{section.1.5}{Two ways to complete the course}{chapter.1}% 8
\BOOKMARK [0][-]{chapter.2}{Section 2: The cognitive Foundation of concept mapping }{}% 9
\BOOKMARK [1][-]{section.2.1}{The congnitive foundation introduction}{chapter.2}% 10
\BOOKMARK [1][-]{section.2.2}{Three memory systems}{chapter.2}% 11
\BOOKMARK [1][-]{section.2.3}{Semantic memory}{chapter.2}% 12
\BOOKMARK [1][-]{section.2.4}{Brains like visualizations}{chapter.2}% 13
\BOOKMARK [1][-]{section.2.5}{How does creative thinking work}{chapter.2}% 14
\BOOKMARK [1][-]{section.2.6}{A concept map of the cognitive foundation}{chapter.2}% 15
\BOOKMARK [1][-]{section.2.7}{Resources}{chapter.2}% 16
\BOOKMARK [0][-]{chapter.3}{Section 3: Philosopjical foundations of conceptual analysis - introduction}{}% 17
\BOOKMARK [1][-]{section.3.1}{Section overview}{chapter.3}% 18
\BOOKMARK [1][-]{section.3.2}{What happens when we visualize concepts together?}{chapter.3}% 19
\BOOKMARK [1][-]{section.3.3}{Philosophical foundations overview analysis}{chapter.3}% 20
\BOOKMARK [1][-]{section.3.4}{Four thories about concepts - First corner of the triangle}{chapter.3}% 21
\BOOKMARK [1][-]{section.3.5}{The clasical theory of concepts}{chapter.3}% 22
\BOOKMARK [2][-]{subsection.3.5.1}{Problems of the conceptual view:}{section.3.5}% 23
\BOOKMARK [1][-]{section.3.6}{Prototype theory of concepts}{chapter.3}% 24
\BOOKMARK [2][-]{subsection.3.6.1}{Witchestein}{section.3.6}% 25
\BOOKMARK [2][-]{subsection.3.6.2}{Problems of the prototype}{section.3.6}% 26
\BOOKMARK [1][-]{section.3.7}{Theory theory}{chapter.3}% 27
\BOOKMARK [2][-]{subsection.3.7.1}{Problems - Stability}{section.3.7}% 28
\BOOKMARK [1][-]{section.3.8}{The conccptual atomism theory}{chapter.3}% 29
\BOOKMARK [2][-]{subsection.3.8.1}{2,500 years of phylosophy}{section.3.8}% 30
\BOOKMARK [2][-]{subsection.3.8.2}{A pluralism about concepts}{section.3.8}% 31
\BOOKMARK [1][-]{section.3.9}{Resources}{chapter.3}% 32
\BOOKMARK [0][-]{chapter.4}{Section 4: Philosophical Foundations of Conceptual Analysis - Continued}{}% 33
\BOOKMARK [1][-]{section.4.1}{Intentionality}{chapter.4}% 34
\BOOKMARK [1][-]{section.4.2}{Sumarry lecture}{chapter.4}% 35
\BOOKMARK [1][-]{section.4.3}{The network of intentionality and the background}{chapter.4}% 36
\BOOKMARK [1][-]{section.4.4}{Collective intentionality}{chapter.4}% 37
\BOOKMARK [1][-]{section.4.5}{Sumarry}{chapter.4}% 38
\BOOKMARK [1][-]{section.4.6}{Language overview - second corner}{chapter.4}% 39
\BOOKMARK [1][-]{section.4.7}{Terms and propositions}{chapter.4}% 40
\BOOKMARK [1][-]{section.4.8}{Generativity and compositionality}{chapter.4}% 41
\BOOKMARK [1][-]{section.4.9}{Sentence meaning is not enough}{chapter.4}% 42
\BOOKMARK [1][-]{section.4.10}{The king of France is bald}{chapter.4}% 43
\BOOKMARK [1][-]{section.4.11}{The indeterminancy of translation}{chapter.4}% 44
\BOOKMARK [1][-]{section.4.12}{Speech acts}{chapter.4}% 45
\BOOKMARK [1][-]{section.4.13}{Meaning through speech acts}{chapter.4}% 46
\BOOKMARK [1][-]{section.4.14}{Five types of speech acts}{chapter.4}% 47
\BOOKMARK [1][-]{section.4.15}{The strange thing about declarations}{chapter.4}% 48
\BOOKMARK [1][-]{section.4.16}{Language summary}{chapter.4}% 49
\BOOKMARK [1][-]{section.4.17}{Metaphysics - introduction}{chapter.4}% 50
\BOOKMARK [1][-]{section.4.18}{Objects}{chapter.4}% 51
\BOOKMARK [1][-]{section.4.19}{Properties and relations}{chapter.4}% 52
\BOOKMARK [1][-]{section.4.20}{Facts}{chapter.4}% 53
\BOOKMARK [1][-]{section.4.21}{Social facts}{chapter.4}% 54
\BOOKMARK [1][-]{section.4.22}{Status functions adn institutional facts}{chapter.4}% 55
\BOOKMARK [1][-]{section.4.23}{The triangle in new light - Summary}{chapter.4}% 56
\BOOKMARK [1][-]{section.4.24}{Resources}{chapter.4}% 57
\BOOKMARK [0][-]{chapter.5}{Section 5: Lessons learned by our deeper knowledge about how we create our world}{}% 58
\BOOKMARK [1][-]{section.5.1}{Lessons Learned}{chapter.5}% 59
\BOOKMARK [1][-]{section.5.2}{Case studies: Meaning breakdown}{chapter.5}% 60
\BOOKMARK [1][-]{section.5.3}{Slow knowledge acquisition}{chapter.5}% 61
\BOOKMARK [1][-]{section.5.4}{The language legacy}{chapter.5}% 62
\BOOKMARK [1][-]{section.5.5}{The rigid information systems}{chapter.5}% 63
\BOOKMARK [1][-]{section.5.6}{The creative leaps catalyst}{chapter.5}% 64
\BOOKMARK [1][-]{section.5.7}{Early customer acceptance language}{chapter.5}% 65
\BOOKMARK [1][-]{section.5.8}{Final conclusions}{chapter.5}% 66
\BOOKMARK [1][-]{section.5.9}{Resources}{chapter.5}% 67
\BOOKMARK [0][-]{chapter.6}{Section 6: Notation - The boxes and arrows and their semantics}{}% 68
\BOOKMARK [1][-]{section.6.1}{What is a model?}{chapter.6}% 69
\BOOKMARK [1][-]{section.6.2}{Domain models}{chapter.6}% 70
\BOOKMARK [1][-]{section.6.3}{What is a model more formally?}{chapter.6}% 71
\BOOKMARK [1][-]{section.6.4}{The unified modeling language}{chapter.6}% 72
\BOOKMARK [1][-]{section.6.5}{Classes, attributes and objects}{chapter.6}% 73
\BOOKMARK [1][-]{section.6.6}{UML Associations - ``The lines''}{chapter.6}% 74
\BOOKMARK [1][-]{section.6.7}{Generalizations}{chapter.6}% 75
\BOOKMARK [1][-]{section.6.8}{Packages - Divide and conquer}{chapter.6}% 76
\BOOKMARK [0][-]{chapter.7}{Section 7: Concept modeling workshop tecniques - Perform an outstanding workshop}{}% 77
\BOOKMARK [1][-]{section.7.1}{Workshop overview}{chapter.7}% 78
\BOOKMARK [1][-]{section.7.2}{Workshop preparation}{chapter.7}% 79
\BOOKMARK [1][-]{section.7.3}{Storytelling}{chapter.7}% 80
