\BOOKMARK [0][-]{chapter.1}{Python Object and Data Structure Basics}{}% 1
\BOOKMARK [1][-]{section.1.1}{What beginners don't know}{chapter.1}% 2
\BOOKMARK [1][-]{section.1.2}{Basic data types}{chapter.1}% 3
\BOOKMARK [1][-]{section.1.3}{Numbers}{chapter.1}% 4
\BOOKMARK [1][-]{section.1.4}{Variable names}{chapter.1}% 5
\BOOKMARK [2][-]{subsection.1.4.1}{Dynamic typing}{section.1.4}% 6
\BOOKMARK [1][-]{section.1.5}{Strings}{chapter.1}% 7
\BOOKMARK [2][-]{subsection.1.5.1}{Normal and reverse indexes}{section.1.5}% 8
\BOOKMARK [2][-]{subsection.1.5.2}{Examples}{section.1.5}% 9
\BOOKMARK [1][-]{section.1.6}{String properties}{chapter.1}% 10
\BOOKMARK [1][-]{section.1.7}{Print formating with strings}{chapter.1}% 11
\BOOKMARK [1][-]{section.1.8}{Lists}{chapter.1}% 12
\BOOKMARK [2][-]{subsection.1.8.1}{Methods}{section.1.8}% 13
\BOOKMARK [1][-]{section.1.9}{Dictionaries}{chapter.1}% 14
\BOOKMARK [2][-]{subsection.1.9.1}{Methods}{section.1.9}% 15
\BOOKMARK [1][-]{section.1.10}{Tuples}{chapter.1}% 16
\BOOKMARK [2][-]{subsection.1.10.1}{Methods}{section.1.10}% 17
\BOOKMARK [1][-]{section.1.11}{Sets}{chapter.1}% 18
\BOOKMARK [2][-]{subsection.1.11.1}{Methods}{section.1.11}% 19
\BOOKMARK [1][-]{section.1.12}{Boolans}{chapter.1}% 20
\BOOKMARK [1][-]{section.1.13}{Files}{chapter.1}% 21
\BOOKMARK [2][-]{subsection.1.13.1}{Methods}{section.1.13}% 22
\BOOKMARK [2][-]{subsection.1.13.2}{Permissions on the with open\('myfile.txt'\) statement }{section.1.13}% 23
\BOOKMARK [0][-]{chapter.2}{Python comparison operators}{}% 24
\BOOKMARK [1][-]{section.2.1}{Comparison operators}{chapter.2}% 25
\BOOKMARK [1][-]{section.2.2}{Chaining comparison operators in Python with logical operators}{chapter.2}% 26
\BOOKMARK [2][-]{subsection.2.2.1}{Logical operators}{section.2.2}% 27
\BOOKMARK [0][-]{chapter.3}{Python statements}{}% 28
\BOOKMARK [1][-]{section.3.1}{Control flow}{chapter.3}% 29
\BOOKMARK [1][-]{section.3.2}{For loops}{chapter.3}% 30
\BOOKMARK [1][-]{section.3.3}{While loops}{chapter.3}% 31
\BOOKMARK [1][-]{section.3.4}{Useful operators}{chapter.3}% 32
\BOOKMARK [1][-]{section.3.5}{Lists comprehensions}{chapter.3}% 33
\BOOKMARK [2][-]{subsection.3.5.1}{Example}{section.3.5}% 34
\BOOKMARK [2][-]{subsection.3.5.2}{List comprehension using if and else}{section.3.5}% 35
\BOOKMARK [2][-]{subsection.3.5.3}{Nested loops in list comprehension}{section.3.5}% 36
\BOOKMARK [0][-]{chapter.4}{Methods and functions}{}% 37
\BOOKMARK [1][-]{section.4.1}{Functions on python}{chapter.4}% 38
\BOOKMARK [1][-]{section.4.2}{*args and **kwargs}{chapter.4}% 39
\BOOKMARK [1][-]{section.4.3}{Lambda expressions Map and Filter}{chapter.4}% 40
\BOOKMARK [1][-]{section.4.4}{Nested statements and scope}{chapter.4}% 41
\BOOKMARK [2][-]{subsection.4.4.1}{LEGB Rule}{section.4.4}% 42
\BOOKMARK [2][-]{subsection.4.4.2}{global keyword}{section.4.4}% 43
\BOOKMARK [0][-]{chapter.5}{Object-oriented programming}{}% 44
\BOOKMARK [1][-]{section.5.1}{Object-oriented programming}{chapter.5}% 45
\BOOKMARK [1][-]{section.5.2}{Attributes and class keyword}{chapter.5}% 46
\BOOKMARK [1][-]{section.5.3}{OOP Class object attributes}{chapter.5}% 47
\BOOKMARK [1][-]{section.5.4}{OOP Inheritance and polymorphism}{chapter.5}% 48
\BOOKMARK [1][-]{section.5.5}{Special \(Magic/Dunder\) methods}{chapter.5}% 49
\BOOKMARK [0][-]{chapter.6}{Modules and packages}{}% 50
\BOOKMARK [1][-]{section.6.1}{pip install and pypi}{chapter.6}% 51
\BOOKMARK [2][-]{subsection.6.1.1}{PyPI}{section.6.1}% 52
\BOOKMARK [1][-]{section.6.2}{pip}{chapter.6}% 53
\BOOKMARK [1][-]{section.6.3}{Modules and packages}{chapter.6}% 54
\BOOKMARK [2][-]{subsection.6.3.1}{Modules}{section.6.3}% 55
\BOOKMARK [2][-]{subsection.6.3.2}{Packages}{section.6.3}% 56
\BOOKMARK [1][-]{section.6.4}{The \137\137name\137\137 == ``\137\137main\137\137'' statement}{chapter.6}% 57
\BOOKMARK [0][-]{chapter.7}{Errors and exception handling}{}% 58
\BOOKMARK [1][-]{section.7.1}{Errors and exception handling}{chapter.7}% 59
\BOOKMARK [1][-]{section.7.2}{Pylint overview}{chapter.7}% 60
\BOOKMARK [1][-]{section.7.3}{unittest: run on command line:}{chapter.7}% 61
\BOOKMARK [0][-]{chapter.8}{Python decorators}{}% 62
\BOOKMARK [1][-]{section.8.1}{Decorators in Python}{chapter.8}% 63
\BOOKMARK [2][-]{subsection.8.1.1}{Example without the @ operator}{section.8.1}% 64
\BOOKMARK [2][-]{subsection.8.1.2}{Example with the @ operator}{section.8.1}% 65
\BOOKMARK [0][-]{chapter.9}{Generators with Python}{}% 66
\BOOKMARK [1][-]{section.9.1}{Generators}{chapter.9}% 67
\BOOKMARK [2][-]{subsection.9.1.1}{Generator comprehension}{section.9.1}% 68
\BOOKMARK [0][-]{chapter.10}{Advanced Python Modules}{}% 69
\BOOKMARK [1][-]{section.10.1}{Advanced Python modules}{chapter.10}% 70
\BOOKMARK [2][-]{subsection.10.1.1}{Collections module}{section.10.1}% 71
\BOOKMARK [1][-]{section.10.2}{defaultdict}{chapter.10}% 72
\BOOKMARK [1][-]{section.10.3}{OrderedDict}{chapter.10}% 73
\BOOKMARK [1][-]{section.10.4}{namedtuple}{chapter.10}% 74
\BOOKMARK [1][-]{section.10.5}{Datetime}{chapter.10}% 75
\BOOKMARK [1][-]{section.10.6}{Python debugger}{chapter.10}% 76
\BOOKMARK [1][-]{section.10.7}{Timing your code}{chapter.10}% 77
\BOOKMARK [1][-]{section.10.8}{Regular expressions}{chapter.10}% 78
\BOOKMARK [1][-]{section.10.9}{StringIO}{chapter.10}% 79
\BOOKMARK [0][-]{chapter.11}{Advanced Python Objects and Data Structures}{}% 80
\BOOKMARK [1][-]{section.11.1}{Advanced Numbers}{chapter.11}% 81
\BOOKMARK [2][-]{subsection.11.1.1}{Hexadecimal numbers}{section.11.1}% 82
\BOOKMARK [2][-]{subsection.11.1.2}{Binary numbers}{section.11.1}% 83
\BOOKMARK [2][-]{subsection.11.1.3}{Pow function }{section.11.1}% 84
\BOOKMARK [2][-]{subsection.11.1.4}{Abs function}{section.11.1}% 85
\BOOKMARK [2][-]{subsection.11.1.5}{Round function}{section.11.1}% 86
\BOOKMARK [1][-]{section.11.2}{Advanced strings}{chapter.11}% 87
\BOOKMARK [1][-]{section.11.3}{Advanced sets}{chapter.11}% 88
\BOOKMARK [1][-]{section.11.4}{Advanced Dictionaries}{chapter.11}% 89
\BOOKMARK [1][-]{section.11.5}{Advanced lists}{chapter.11}% 90
