\BOOKMARK [0][-]{chapter.1}{Introduction}{}% 1
\BOOKMARK [1][-]{section.1.1}{Fundamentals of a program}{chapter.1}% 2
\BOOKMARK [2][-]{subsection.1.1.1}{Terminology}{section.1.1}% 3
\BOOKMARK [2][-]{subsection.1.1.2}{Higher level programming language}{section.1.1}% 4
\BOOKMARK [2][-]{subsection.1.1.3}{Writing a program}{section.1.1}% 5
\BOOKMARK [1][-]{section.1.2}{Overview}{chapter.1}% 6
\BOOKMARK [1][-]{section.1.3}{Language features}{chapter.1}% 7
\BOOKMARK [1][-]{section.1.4}{Creating a C program}{chapter.1}% 8
\BOOKMARK [0][-]{chapter.2}{Starting to write code}{}% 9
\BOOKMARK [1][-]{section.2.1}{Create a new project in Code::Blocks}{chapter.2}% 10
\BOOKMARK [1][-]{section.2.2}{Set up a project in vscode}{chapter.2}% 11
\BOOKMARK [2][-]{subsection.2.2.1}{Use the settings and shortcuts}{section.2.2}% 12
\BOOKMARK [1][-]{section.2.3}{Structure of a c programs}{chapter.2}% 13
\BOOKMARK [0][-]{chapter.3}{Basic concepts}{}% 14
\BOOKMARK [1][-]{section.3.1}{Comments}{chapter.3}% 15
\BOOKMARK [2][-]{subsection.3.1.1}{Syntax}{section.3.1}% 16
\BOOKMARK [2][-]{subsection.3.1.2}{Use of comments}{section.3.1}% 17
\BOOKMARK [1][-]{section.3.2}{The proprocessor}{chapter.3}% 18
\BOOKMARK [2][-]{subsection.3.2.1}{Syntax}{section.3.2}% 19
\BOOKMARK [2][-]{subsection.3.2.2}{Defining your own preprocessors}{section.3.2}% 20
\BOOKMARK [1][-]{section.3.3}{The \043include statement}{chapter.3}% 21
\BOOKMARK [2][-]{subsection.3.3.1}{Header files}{section.3.3}% 22
\BOOKMARK [1][-]{section.3.4}{Displaying output}{chapter.3}% 23
\BOOKMARK [1][-]{section.3.5}{Reading input from the terminal}{chapter.3}% 24
\BOOKMARK [2][-]{subsection.3.5.1}{scanf\(\)}{section.3.5}% 25
\BOOKMARK [2][-]{subsection.3.5.2}{Peculiarities of the scanf}{section.3.5}% 26
\BOOKMARK [2][-]{subsection.3.5.3}{Example}{section.3.5}% 27
\BOOKMARK [0][-]{chapter.4}{Variables and data types}{}% 28
\BOOKMARK [1][-]{section.4.1}{Overview}{chapter.4}% 29
\BOOKMARK [1][-]{section.4.2}{Variables}{chapter.4}% 30
\BOOKMARK [2][-]{subsection.4.2.1}{Naming rules}{section.4.2}% 31
\BOOKMARK [1][-]{section.4.3}{Data types}{chapter.4}% 32
\BOOKMARK [2][-]{subsection.4.3.1}{Declaring variables}{section.4.3}% 33
\BOOKMARK [2][-]{subsection.4.3.2}{Initializing variables}{section.4.3}% 34
\BOOKMARK [1][-]{section.4.4}{Examples}{chapter.4}% 35
\BOOKMARK [1][-]{section.4.5}{Basic data types}{chapter.4}% 36
\BOOKMARK [2][-]{subsection.4.5.1}{cint}{section.4.5}% 37
\BOOKMARK [2][-]{subsection.4.5.2}{cfloat}{section.4.5}% 38
\BOOKMARK [2][-]{subsection.4.5.3}{cdouble}{section.4.5}% 39
\BOOKMARK [2][-]{subsection.4.5.4}{cBool}{section.4.5}% 40
\BOOKMARK [2][-]{subsection.4.5.5}{Other data types}{section.4.5}% 41
\BOOKMARK [2][-]{subsection.4.5.6}{Examples}{section.4.5}% 42
\BOOKMARK [1][-]{section.4.6}{Enums and Chars}{chapter.4}% 43
\BOOKMARK [2][-]{subsection.4.6.1}{cenum}{section.4.6}% 44
\BOOKMARK [2][-]{subsection.4.6.2}{cchar}{section.4.6}% 45
\BOOKMARK [2][-]{subsection.4.6.3}{Escape character}{section.4.6}% 46
\BOOKMARK [2][-]{subsection.4.6.4}{Code}{section.4.6}% 47
\BOOKMARK [1][-]{section.4.7}{Format specifiers}{chapter.4}% 48
\BOOKMARK [2][-]{subsection.4.7.1}{Table}{section.4.7}% 49
\BOOKMARK [2][-]{subsection.4.7.2}{Examples}{section.4.7}% 50
\BOOKMARK [1][-]{section.4.8}{Command line arguments}{chapter.4}% 51
\BOOKMARK [1][-]{section.4.9}{Challenge 1}{chapter.4}% 52
\BOOKMARK [0][-]{chapter.5}{Operators}{}% 53
\BOOKMARK [1][-]{section.5.1}{Overview}{chapter.5}% 54
\BOOKMARK [2][-]{subsection.5.1.1}{Operators}{section.5.1}% 55
\BOOKMARK [2][-]{subsection.5.1.2}{Expressions and statements}{section.5.1}% 56
\BOOKMARK [2][-]{subsection.5.1.3}{Compond statements}{section.5.1}% 57
\BOOKMARK [1][-]{section.5.2}{Basic operators}{chapter.5}% 58
\BOOKMARK [2][-]{subsection.5.2.1}{Logical operators}{section.5.2}% 59
\BOOKMARK [2][-]{subsection.5.2.2}{Assignment operators}{section.5.2}% 60
\BOOKMARK [2][-]{subsection.5.2.3}{Relational operators}{section.5.2}% 61
\BOOKMARK [1][-]{section.5.3}{Bitwise operators}{chapter.5}% 62
\BOOKMARK [2][-]{subsection.5.3.1}{Binary numbers}{section.5.3}% 63
\BOOKMARK [2][-]{subsection.5.3.2}{Examples}{section.5.3}% 64
\BOOKMARK [1][-]{section.5.4}{The cast and sizeof operators}{chapter.5}% 65
\BOOKMARK [2][-]{subsection.5.4.1}{Type conversions}{section.5.4}% 66
\BOOKMARK [2][-]{subsection.5.4.2}{sizeof}{section.5.4}% 67
\BOOKMARK [1][-]{section.5.5}{Operator precedence}{chapter.5}% 68
\BOOKMARK [1][-]{section.5.6}{Challenge years to days provided minutes}{chapter.5}% 69
\BOOKMARK [1][-]{section.5.7}{Challenge on printing the bytesize of data}{chapter.5}% 70
\BOOKMARK [0][-]{chapter.6}{Control flow}{}% 71
\BOOKMARK [1][-]{section.6.1}{Overview}{chapter.6}% 72
\BOOKMARK [2][-]{subsection.6.1.1}{Decision-making}{section.6.1}% 73
\BOOKMARK [2][-]{subsection.6.1.2}{Repeating code}{section.6.1}% 74
\BOOKMARK [1][-]{section.6.2}{If statements}{chapter.6}% 75
\BOOKMARK [2][-]{subsection.6.2.1}{if else}{section.6.2}% 76
\BOOKMARK [2][-]{subsection.6.2.2}{else if}{section.6.2}% 77
\BOOKMARK [2][-]{subsection.6.2.3}{nested if-else statement}{section.6.2}% 78
\BOOKMARK [2][-]{subsection.6.2.4}{The conditional operator \(ternary operator\)}{section.6.2}% 79
\BOOKMARK [1][-]{section.6.3}{Switch statement}{chapter.6}% 80
\BOOKMARK [2][-]{subsection.6.3.1}{Example}{section.6.3}% 81
\BOOKMARK [2][-]{subsection.6.3.2}{goto statement}{section.6.3}% 82
\BOOKMARK [1][-]{section.6.4}{Challenge calculate week pay}{chapter.6}% 83
\BOOKMARK [1][-]{section.6.5}{For loops }{chapter.6}% 84
\BOOKMARK [2][-]{subsection.6.5.1}{Example}{section.6.5}% 85
\BOOKMARK [1][-]{section.6.6}{While loop, do while}{chapter.6}% 86
\BOOKMARK [2][-]{subsection.6.6.1}{While loops}{section.6.6}% 87
\BOOKMARK [2][-]{subsection.6.6.2}{do-while loops}{section.6.6}% 88
\BOOKMARK [2][-]{subsection.6.6.3}{Which loop to use}{section.6.6}% 89
\BOOKMARK [2][-]{subsection.6.6.4}{For loop and while loop equivalents}{section.6.6}% 90
\BOOKMARK [1][-]{section.6.7}{Nested loops and loop control - break and continue}{chapter.6}% 91
\BOOKMARK [2][-]{subsection.6.7.1}{Break statement}{section.6.7}% 92
\BOOKMARK [1][-]{section.6.8}{Challenge guess the number}{chapter.6}% 93
\BOOKMARK [0][-]{chapter.7}{Arrays}{}% 94
\BOOKMARK [1][-]{section.7.1}{Creating and using arrays}{chapter.7}% 95
\BOOKMARK [1][-]{section.7.2}{Creating and using arrays}{chapter.7}% 96
\BOOKMARK [2][-]{subsection.7.2.1}{Example}{section.7.2}% 97
\BOOKMARK [1][-]{section.7.3}{Multidimensional arrays}{chapter.7}% 98
\BOOKMARK [1][-]{section.7.4}{Variable length arrays}{chapter.7}% 99
\BOOKMARK [1][-]{section.7.5}{Challenge: generate prime numbers from 0 to 100}{chapter.7}% 100
\BOOKMARK [0][-]{chapter.8}{Functions}{}% 101
\BOOKMARK [1][-]{section.8.1}{Overview}{chapter.8}% 102
\BOOKMARK [2][-]{subsection.8.1.1}{Implementing functions}{section.8.1}% 103
\BOOKMARK [1][-]{section.8.2}{Defining functions}{chapter.8}% 104
\BOOKMARK [2][-]{subsection.8.2.1}{Example}{section.8.2}% 105
\BOOKMARK [1][-]{section.8.3}{Arguments and parameters}{chapter.8}% 106
\BOOKMARK [2][-]{subsection.8.3.1}{Example}{section.8.3}% 107
\BOOKMARK [1][-]{section.8.4}{Returning data}{chapter.8}% 108
\BOOKMARK [2][-]{subsection.8.4.1}{Example}{section.8.4}% 109
\BOOKMARK [1][-]{section.8.5}{Local and global variables}{chapter.8}% 110
\BOOKMARK [2][-]{subsection.8.5.1}{Example}{section.8.5}% 111
\BOOKMARK [1][-]{section.8.6}{Challenge Write some functions}{chapter.8}% 112
\BOOKMARK [0][-]{chapter.9}{Character strings}{}% 113
\BOOKMARK [1][-]{section.9.1}{Overview}{chapter.9}% 114
\BOOKMARK [2][-]{subsection.9.1.1}{Example}{section.9.1}% 115
\BOOKMARK [1][-]{section.9.2}{Defining a string}{chapter.9}% 116
\BOOKMARK [2][-]{subsection.9.2.1}{Example}{section.9.2}% 117
\BOOKMARK [1][-]{section.9.3}{Constant strings}{chapter.9}% 118
\BOOKMARK [1][-]{section.9.4}{String functions}{chapter.9}% 119
\BOOKMARK [2][-]{subsection.9.4.1}{String functions examples}{section.9.4}% 120
\BOOKMARK [1][-]{section.9.5}{Searching, Tokenizing, and Analyzing Strings}{chapter.9}% 121
\BOOKMARK [2][-]{subsection.9.5.1}{Pointers}{section.9.5}% 122
\BOOKMARK [2][-]{subsection.9.5.2}{Searching a string for a character}{section.9.5}% 123
\BOOKMARK [2][-]{subsection.9.5.3}{Searching for a substring}{section.9.5}% 124
\BOOKMARK [2][-]{subsection.9.5.4}{Tokenizing a string}{section.9.5}% 125
\BOOKMARK [2][-]{subsection.9.5.5}{Analyzing strings}{section.9.5}% 126
\BOOKMARK [1][-]{section.9.6}{Converting strings}{chapter.9}% 127
\BOOKMARK [1][-]{section.9.7}{Challenge - Understanding char arrays}{chapter.9}% 128
\BOOKMARK [2][-]{subsection.9.7.1}{Reverse a string}{section.9.7}% 129
\BOOKMARK [0][-]{chapter.10}{Debugging}{}% 130
\BOOKMARK [1][-]{section.10.1}{Overview}{chapter.10}% 131
\BOOKMARK [2][-]{subsection.10.1.1}{Common problems}{section.10.1}% 132
\BOOKMARK [2][-]{subsection.10.1.2}{Debugging process}{section.10.1}% 133
\BOOKMARK [2][-]{subsection.10.1.3}{Techniques and tools}{section.10.1}% 134
\BOOKMARK [2][-]{subsection.10.1.4}{Preventing errors}{section.10.1}% 135
\BOOKMARK [1][-]{section.10.2}{Understanding the call stack}{chapter.10}% 136
\BOOKMARK [1][-]{section.10.3}{Code blocks debugger}{chapter.10}% 137
\BOOKMARK [1][-]{section.10.4}{Common C mistakes}{chapter.10}% 138
\BOOKMARK [1][-]{section.10.5}{Understanding compiler errors and warnings}{chapter.10}% 139
\BOOKMARK [0][-]{chapter.11}{Pointers}{}% 140
\BOOKMARK [1][-]{section.11.1}{Overview}{chapter.11}% 141
\BOOKMARK [2][-]{subsection.11.1.1}{Why use pointers?}{section.11.1}% 142
\BOOKMARK [1][-]{section.11.2}{Defining pointers}{chapter.11}% 143
\BOOKMARK [2][-]{subsection.11.2.1}{NULL Pointers}{section.11.2}% 144
\BOOKMARK [2][-]{subsection.11.2.2}{Address of operator}{section.11.2}% 145
\BOOKMARK [2][-]{subsection.11.2.3}{Precautions}{section.11.2}% 146
\BOOKMARK [1][-]{section.11.3}{Accessing pointers}{chapter.11}% 147
\BOOKMARK [2][-]{subsection.11.3.1}{Access pointer values}{section.11.3}% 148
\BOOKMARK [2][-]{subsection.11.3.2}{Displaying a pointer's value}{section.11.3}% 149
\BOOKMARK [2][-]{subsection.11.3.3}{Displaying a number of bytes you are using}{section.11.3}% 150
\BOOKMARK [1][-]{section.11.4}{Challenge}{chapter.11}% 151
\BOOKMARK [1][-]{section.11.5}{Overview}{chapter.11}% 152
\BOOKMARK [2][-]{subsection.11.5.1}{When reciecing input}{section.11.5}% 153
\BOOKMARK [2][-]{subsection.11.5.2}{Testing for NULL}{section.11.5}% 154
\BOOKMARK [1][-]{section.11.6}{Pointes and const}{chapter.11}% 155
\BOOKMARK [2][-]{subsection.11.6.1}{Pointers to constants}{section.11.6}% 156
\BOOKMARK [2][-]{subsection.11.6.2}{Constant pointers}{section.11.6}% 157
\BOOKMARK [1][-]{section.11.7}{Void pointers}{chapter.11}% 158
\BOOKMARK [1][-]{section.11.8}{Pointers and arrays}{chapter.11}% 159
\BOOKMARK [2][-]{subsection.11.8.1}{Arrays and pointers}{section.11.8}% 160
\BOOKMARK [2][-]{subsection.11.8.2}{Summary}{section.11.8}% 161
\BOOKMARK [1][-]{section.11.9}{Pointer Arithmetic}{chapter.11}% 162
\BOOKMARK [2][-]{subsection.11.9.1}{Example}{section.11.9}% 163
\BOOKMARK [2][-]{subsection.11.9.2}{Summary}{section.11.9}% 164
\BOOKMARK [1][-]{section.11.10}{Examples of pointer arithmetic}{chapter.11}% 165
\BOOKMARK [1][-]{section.11.11}{Pointers and strings}{chapter.11}% 166
\BOOKMARK [2][-]{subsection.11.11.1}{Overview}{section.11.11}% 167
\BOOKMARK [2][-]{subsection.11.11.2}{char arrays as pointers}{section.11.11}% 168
\BOOKMARK [1][-]{section.11.12}{Challenge — Counting characters in a string}{chapter.11}% 169
\BOOKMARK [1][-]{section.11.13}{Pass by reference}{chapter.11}% 170
\BOOKMARK [2][-]{subsection.11.13.1}{Passing data using copies of pointers}{section.11.13}% 171
\BOOKMARK [2][-]{subsection.11.13.2}{Summary of syntax}{section.11.13}% 172
\BOOKMARK [2][-]{subsection.11.13.3}{const pointer parameters}{section.11.13}% 173
\BOOKMARK [2][-]{subsection.11.13.4}{Returning pointers from a function}{section.11.13}% 174
\BOOKMARK [2][-]{subsection.11.13.5}{Pass by reference in C}{section.11.13}% 175
\BOOKMARK [1][-]{section.11.14}{Challenge — Using pointers as parameters}{chapter.11}% 176
\BOOKMARK [1][-]{section.11.15}{Dynamic memory allocation}{chapter.11}% 177
\BOOKMARK [2][-]{subsection.11.15.1}{Heap vs Stack}{section.11.15}% 178
\BOOKMARK [1][-]{section.11.16}{malloc, calloc, realloc}{chapter.11}% 179
\BOOKMARK [2][-]{subsection.11.16.1}{malloc}{section.11.16}% 180
\BOOKMARK [2][-]{subsection.11.16.2}{Releasing memory}{section.11.16}% 181
\BOOKMARK [2][-]{subsection.11.16.3}{calloc}{section.11.16}% 182
\BOOKMARK [2][-]{subsection.11.16.4}{realloc}{section.11.16}% 183
\BOOKMARK [2][-]{subsection.11.16.5}{Example}{section.11.16}% 184
\BOOKMARK [2][-]{subsection.11.16.6}{Guidelines}{section.11.16}% 185
\BOOKMARK [1][-]{section.11.17}{Challenge - Using Dynamic Memory}{chapter.11}% 186
\BOOKMARK [0][-]{chapter.12}{Structures}{}% 187
\BOOKMARK [1][-]{section.12.1}{Overview}{chapter.12}% 188
\BOOKMARK [2][-]{subsection.12.1.1}{Creating a structure}{section.12.1}% 189
\BOOKMARK [2][-]{subsection.12.1.2}{Using a structure}{section.12.1}% 190
\BOOKMARK [2][-]{subsection.12.1.3}{Accessing memebers in a struct}{section.12.1}% 191
\BOOKMARK [2][-]{subsection.12.1.4}{Structures in expressions}{section.12.1}% 192
\BOOKMARK [2][-]{subsection.12.1.5}{Defining the structure and variable at the same time}{section.12.1}% 193
\BOOKMARK [2][-]{subsection.12.1.6}{Un-named structures}{section.12.1}% 194
\BOOKMARK [2][-]{subsection.12.1.7}{Intializing structures}{section.12.1}% 195
\BOOKMARK [2][-]{subsection.12.1.8}{Assignment with compound literals}{section.12.1}% 196
\BOOKMARK [1][-]{section.12.2}{Structures and arrays}{chapter.12}% 197
\BOOKMARK [2][-]{subsection.12.2.1}{Intializing an array of structures}{section.12.2}% 198
\BOOKMARK [2][-]{subsection.12.2.2}{Structures containing arrays}{section.12.2}% 199
\BOOKMARK [1][-]{section.12.3}{Nested structures}{chapter.12}% 200
\BOOKMARK [2][-]{subsection.12.3.1}{Accessing members on a nested structure}{section.12.3}% 201
\BOOKMARK [2][-]{subsection.12.3.2}{An array of nested structures}{section.12.3}% 202
\BOOKMARK [2][-]{subsection.12.3.3}{Declare a structure within a structure}{section.12.3}% 203
\BOOKMARK [1][-]{section.12.4}{Structures and pointers}{chapter.12}% 204
\BOOKMARK [2][-]{subsection.12.4.1}{Declaring a struct as a pointer}{section.12.4}% 205
\BOOKMARK [2][-]{subsection.12.4.2}{Using structus as pointers}{section.12.4}% 206
\BOOKMARK [2][-]{subsection.12.4.3}{Character arrays or character pointers?}{section.12.4}% 207
\BOOKMARK [1][-]{section.12.5}{Structures and functions}{chapter.12}% 208
\BOOKMARK [2][-]{subsection.12.5.1}{Pointers to structures as function arguments}{section.12.5}% 209
\BOOKMARK [2][-]{subsection.12.5.2}{Returning a structure from a function}{section.12.5}% 210
\BOOKMARK [2][-]{subsection.12.5.3}{Reminder}{section.12.5}% 211
\BOOKMARK [1][-]{section.12.6}{Challenge - Declaring and initializing a structure}{chapter.12}% 212
\BOOKMARK [0][-]{chapter.13}{File input and output}{}% 213
\BOOKMARK [1][-]{section.13.1}{Overview}{chapter.13}% 214
\BOOKMARK [2][-]{subsection.13.1.1}{Files}{section.13.1}% 215
\BOOKMARK [2][-]{subsection.13.1.2}{Text and binary files}{section.13.1}% 216
\BOOKMARK [2][-]{subsection.13.1.3}{Streams}{section.13.1}% 217
\BOOKMARK [1][-]{section.13.2}{Accessing files}{chapter.13}% 218
\BOOKMARK [2][-]{subsection.13.2.1}{Open name}{section.13.2}% 219
\BOOKMARK [2][-]{subsection.13.2.2}{Write mode}{section.13.2}% 220
\BOOKMARK [2][-]{subsection.13.2.3}{Append mode}{section.13.2}% 221
\BOOKMARK [2][-]{subsection.13.2.4}{Read mode}{section.13.2}% 222
\BOOKMARK [2][-]{subsection.13.2.5}{Renaming a file}{section.13.2}% 223
\BOOKMARK [2][-]{subsection.13.2.6}{Closing a file}{section.13.2}% 224
\BOOKMARK [2][-]{subsection.13.2.7}{Deleting a file}{section.13.2}% 225
\BOOKMARK [1][-]{section.13.3}{Reading for a file}{chapter.13}% 226
\BOOKMARK [2][-]{subsection.13.3.1}{Reading characters from a text file}{section.13.3}% 227
\BOOKMARK [2][-]{subsection.13.3.2}{Reading a string from a text file}{section.13.3}% 228
\BOOKMARK [2][-]{subsection.13.3.3}{Reading formatted input from a file}{section.13.3}% 229
\BOOKMARK [1][-]{section.13.4}{Writing to a file}{chapter.13}% 230
\BOOKMARK [2][-]{subsection.13.4.1}{Writing a string to a file}{section.13.4}% 231
\BOOKMARK [2][-]{subsection.13.4.2}{Writing formatted output to a file}{section.13.4}% 232
\BOOKMARK [1][-]{section.13.5}{Finding your position in a file}{chapter.13}% 233
\BOOKMARK [2][-]{subsection.13.5.1}{Finding out where you are, ftell\(\)}{section.13.5}% 234
\BOOKMARK [2][-]{subsection.13.5.2}{fgetpos\(\)}{section.13.5}% 235
\BOOKMARK [2][-]{subsection.13.5.3}{Setting a position in a file}{section.13.5}% 236
\BOOKMARK [2][-]{subsection.13.5.4}{fsetpos\(\)}{section.13.5}% 237
\BOOKMARK [2][-]{subsection.13.5.5}{Interesting insights}{section.13.5}% 238
\BOOKMARK [1][-]{section.13.6}{Challenge — Find the number of lines in a file}{chapter.13}% 239
\BOOKMARK [0][-]{chapter.14}{The standard C library}{}% 240
\BOOKMARK [1][-]{section.14.1}{Standard header files}{chapter.14}% 241
\BOOKMARK [2][-]{subsection.14.1.1}{strdef.h}{section.14.1}% 242
\BOOKMARK [2][-]{subsection.14.1.2}{limits.h}{section.14.1}% 243
\BOOKMARK [2][-]{subsection.14.1.3}{stdbool.h}{section.14.1}% 244
\BOOKMARK [1][-]{section.14.2}{Various functions}{chapter.14}% 245
\BOOKMARK [2][-]{subsection.14.2.1}{String function}{section.14.2}% 246
\BOOKMARK [2][-]{subsection.14.2.2}{Character functions}{section.14.2}% 247
\BOOKMARK [2][-]{subsection.14.2.3}{Conversion functions}{section.14.2}% 248
\BOOKMARK [2][-]{subsection.14.2.4}{Dynamic memory allocation function}{section.14.2}% 249
\BOOKMARK [1][-]{section.14.3}{Math functions}{chapter.14}% 250
\BOOKMARK [1][-]{section.14.4}{Utility functions}{chapter.14}% 251
\BOOKMARK [2][-]{subsection.14.4.1}{Assert library}{section.14.4}% 252
\BOOKMARK [2][-]{subsection.14.4.2}{Other useful header files}{section.14.4}% 253
\BOOKMARK [0][-]{chapter.15}{Conclusion}{}% 254
\BOOKMARK [1][-]{section.15.1}{Further topics to study}{chapter.15}% 255
\BOOKMARK [1][-]{section.15.2}{Course summary}{chapter.15}% 256
\BOOKMARK [2][-]{subsection.15.2.1}{Course outcomes}{section.15.2}% 257
